Building DAG of jobs...
Using shell: /bin/bash
Provided cores: 1
Rules claiming more threads will be scaled down.
Job counts:
	count	jobs
	1	all
	2	consensus
	2	cuteSV_call
	2	index
	2	pbsv_align
	2	pbsv_call
	2	pbsv_discovery
	2	sniffles_call
	2	svim_call
	17

[Wed Dec  9 10:51:44 2020]
rule svim_call:
    input: 02_bam/sampleB.ngmlr.sort.bam
    output: 03_vcf/03_svim/sampleB/variants.vcf
    jobid: 9
    wildcards: sample=sampleB

[Wed Dec  9 10:52:19 2020]
Finished job 9.
1 of 17 steps (6%) done

[Wed Dec  9 10:52:19 2020]
rule sniffles_call:
    input: 02_bam/sampleB.ngmlr.sort.bam
    output: 03_vcf/01_sniffles/sampleB.sniffles.vcf
    jobid: 7
    wildcards: sample=sampleB

[Wed Dec  9 10:52:20 2020]
Finished job 7.
2 of 17 steps (12%) done

[Wed Dec  9 10:52:20 2020]
rule pbsv_align:
    input: 02_bam/sampleB.ngmlr.sort.bam
    output: 02_bam/sampleB.pbsv.sort.bam
    jobid: 20
    wildcards: sample=sampleB

[Wed Dec  9 10:52:30 2020]
Finished job 20.
3 of 17 steps (18%) done

[Wed Dec  9 10:52:30 2020]
rule pbsv_discovery:
    input: 02_bam/sampleB.pbsv.sort.bam
    output: 03_vcf/04_pbsv/sampleB/pbsv.svsig.gz
    jobid: 16
    wildcards: sample=sampleB

[Wed Dec  9 10:52:31 2020]
Finished job 16.
4 of 17 steps (24%) done

[Wed Dec  9 10:52:31 2020]
rule index:
    input: 02_bam/sampleB.ngmlr.sort.bam
    output: 02_bam/sampleB.ngmlr.sort.bam.bai
    jobid: 15
    wildcards: sample=sampleB

[Wed Dec  9 10:52:31 2020]
Finished job 15.
5 of 17 steps (29%) done

[Wed Dec  9 10:52:31 2020]
rule cuteSV_call:
    input: 02_bam/sampleB.ngmlr.sort.bam, 02_bam/sampleB.ngmlr.sort.bam.bai
    output: 03_vcf/02_cuteSV/sampleB.cuteSV.vcf
    jobid: 8
    wildcards: sample=sampleB

[Wed Dec  9 10:52:34 2020]
Finished job 8.
6 of 17 steps (35%) done

[Wed Dec  9 10:52:34 2020]
rule svim_call:
    input: 02_bam/sampleA.ngmlr.sort.bam
    output: 03_vcf/03_svim/sampleA/variants.vcf
    jobid: 5
    wildcards: sample=sampleA

[Wed Dec  9 10:52:51 2020]
Finished job 5.
7 of 17 steps (41%) done

[Wed Dec  9 10:52:51 2020]
rule index:
    input: 02_bam/sampleA.ngmlr.sort.bam
    output: 02_bam/sampleA.ngmlr.sort.bam.bai
    jobid: 12
    wildcards: sample=sampleA

[Wed Dec  9 10:52:51 2020]
Finished job 12.
8 of 17 steps (47%) done

[Wed Dec  9 10:52:51 2020]
rule cuteSV_call:
    input: 02_bam/sampleA.ngmlr.sort.bam, 02_bam/sampleA.ngmlr.sort.bam.bai
    output: 03_vcf/02_cuteSV/sampleA.cuteSV.vcf
    jobid: 4
    wildcards: sample=sampleA

[Wed Dec  9 10:52:52 2020]
Finished job 4.
9 of 17 steps (53%) done

[Wed Dec  9 10:52:52 2020]
rule sniffles_call:
    input: 02_bam/sampleA.ngmlr.sort.bam
    output: 03_vcf/01_sniffles/sampleA.sniffles.vcf
    jobid: 3
    wildcards: sample=sampleA

[Wed Dec  9 10:52:53 2020]
Finished job 3.
10 of 17 steps (59%) done

[Wed Dec  9 10:52:53 2020]
rule pbsv_align:
    input: 02_bam/sampleA.ngmlr.sort.bam
    output: 02_bam/sampleA.pbsv.sort.bam
    jobid: 18
    wildcards: sample=sampleA

[Wed Dec  9 10:52:55 2020]
Finished job 18.
11 of 17 steps (65%) done

[Wed Dec  9 10:52:55 2020]
rule pbsv_discovery:
    input: 02_bam/sampleA.pbsv.sort.bam
    output: 03_vcf/04_pbsv/sampleA/pbsv.svsig.gz
    jobid: 13
    wildcards: sample=sampleA

[Wed Dec  9 10:52:56 2020]
Finished job 13.
12 of 17 steps (71%) done

[Wed Dec  9 10:52:56 2020]
rule pbsv_call:
    input: 03_vcf/04_pbsv/sampleA/pbsv.svsig.gz
    output: 03_vcf/04_pbsv/sampleA/pbsv.vcf
    jobid: 6
    wildcards: sample=sampleA

[Wed Dec  9 10:52:56 2020]
Finished job 6.
13 of 17 steps (76%) done

[Wed Dec  9 10:52:56 2020]
rule consensus:
    input: 03_vcf/01_sniffles/sampleA.sniffles.vcf, 03_vcf/02_cuteSV/sampleA.cuteSV.vcf, 03_vcf/03_svim/sampleA/variants.vcf, 03_vcf/04_pbsv/sampleA/pbsv.vcf
    output: 04_consensus_vcf/sampleA.consensus.vcf
    jobid: 1
    wildcards: sample=sampleA

[Wed Dec  9 10:52:57 2020]
Finished job 1.
14 of 17 steps (82%) done

[Wed Dec  9 10:52:57 2020]
rule pbsv_call:
    input: 03_vcf/04_pbsv/sampleB/pbsv.svsig.gz
    output: 03_vcf/04_pbsv/sampleB/pbsv.vcf
    jobid: 10
    wildcards: sample=sampleB

[Wed Dec  9 10:52:57 2020]
Finished job 10.
15 of 17 steps (88%) done

[Wed Dec  9 10:52:57 2020]
rule consensus:
    input: 03_vcf/01_sniffles/sampleB.sniffles.vcf, 03_vcf/02_cuteSV/sampleB.cuteSV.vcf, 03_vcf/03_svim/sampleB/variants.vcf, 03_vcf/04_pbsv/sampleB/pbsv.vcf
    output: 04_consensus_vcf/sampleB.consensus.vcf
    jobid: 2
    wildcards: sample=sampleB

[Wed Dec  9 10:52:57 2020]
Finished job 2.
16 of 17 steps (94%) done

[Wed Dec  9 10:52:57 2020]
localrule all:
    input: 04_consensus_vcf/sampleA.consensus.vcf, 04_consensus_vcf/sampleB.consensus.vcf
    jobid: 0

[Wed Dec  9 10:52:57 2020]
Finished job 0.
17 of 17 steps (100%) done
Complete log: /vol1/agis/huangsanwen_group/chenglin/sv_tutorial1/.snakemake/log/2020-12-09T105143.924555.snakemake.log
