Building DAG of jobs...
Using shell: /bin/bash
Provided cores: 1
Rules claiming more threads will be scaled down.
Job counts:
	count	jobs
	2	cuteSV
	2

[Tue Dec  8 17:57:33 2020]
rule cuteSV:
    input: 02_bam/sampleB.ngmlr.sort.bam, 01_raw_data/ref/ref_po_cp.fa
    output: 03_vcf/02_cuteSV/sampleB.cuteSV.vcf
    jobid: 1
    wildcards: sample=sampleB

[Tue Dec  8 17:57:38 2020]
Finished job 1.
1 of 2 steps (50%) done

[Tue Dec  8 17:57:38 2020]
rule cuteSV:
    input: 02_bam/sampleA.ngmlr.sort.bam, 01_raw_data/ref/ref_po_cp.fa
    output: 03_vcf/02_cuteSV/sampleA.cuteSV.vcf
    jobid: 0
    wildcards: sample=sampleA

[Tue Dec  8 17:57:42 2020]
Finished job 0.
2 of 2 steps (100%) done
Complete log: /vol1/agis/huangsanwen_group/chenglin/sv_tutorial/.snakemake/log/2020-12-08T175733.565124.snakemake.log
