Building DAG of jobs...
Using shell: /bin/bash
Provided cores: 2
Rules claiming more threads will be scaled down.
Job counts:
	count	jobs
	2	index
	2

[Tue Dec  8 16:42:07 2020]
rule index:
    input: 02_bam/sampleB.ngmlr.sort.bam
    output: 02_bam/sampleB.ngmlr.sort.bam.bai
    jobid: 0
    wildcards: sample=sampleB


[Tue Dec  8 16:42:07 2020]
rule index:
    input: 02_bam/sampleA.ngmlr.sort.bam
    output: 02_bam/sampleA.ngmlr.sort.bam.bai
    jobid: 1
    wildcards: sample=sampleA

[Tue Dec  8 16:42:08 2020]
Finished job 1.
1 of 2 steps (50%) done
[Tue Dec  8 16:42:08 2020]
Finished job 0.
2 of 2 steps (100%) done
Complete log: /vol1/agis/huangsanwen_group/chenglin/sv_tutorial/.snakemake/log/2020-12-08T164207.214769.snakemake.log
