Building DAG of jobs...
Using shell: /bin/bash
Provided cores: 1
Rules claiming more threads will be scaled down.
Job counts:
	count	jobs
	1	all
	2	consensus
	3

[Wed Dec  9 13:06:15 2020]
rule consensus:
    input: 03_vcf/01_sniffles/sampleA.sniffles.vcf, 03_vcf/02_cuteSV/sampleA.cuteSV.vcf, 03_vcf/03_svim/sampleA/variants.vcf, 03_vcf/04_pbsv/sampleA/pbsv.vcf
    output: 04_consensus_vcf/sampleA.consensus.vcf
    jobid: 1
    wildcards: sample=sampleA

[Wed Dec  9 13:06:15 2020]
Finished job 1.
1 of 3 steps (33%) done

[Wed Dec  9 13:06:15 2020]
rule consensus:
    input: 03_vcf/01_sniffles/sampleB.sniffles.vcf, 03_vcf/02_cuteSV/sampleB.cuteSV.vcf, 03_vcf/03_svim/sampleB/variants.vcf, 03_vcf/04_pbsv/sampleB/pbsv.vcf
    output: 04_consensus_vcf/sampleB.consensus.vcf
    jobid: 2
    wildcards: sample=sampleB

[Wed Dec  9 13:06:15 2020]
Finished job 2.
2 of 3 steps (67%) done

[Wed Dec  9 13:06:15 2020]
localrule all:
    input: 04_consensus_vcf/sampleA.consensus.vcf, 04_consensus_vcf/sampleB.consensus.vcf
    jobid: 0

[Wed Dec  9 13:06:15 2020]
Finished job 0.
3 of 3 steps (100%) done
Complete log: /vol1/agis/huangsanwen_group/chenglin/sv_tutorial1/.snakemake/log/2020-12-09T130615.252408.snakemake.log
