Building DAG of jobs...
Using shell: /bin/bash
Provided cores: 1
Rules claiming more threads will be scaled down.
Job counts:
	count	jobs
	2	sniffles_call
	2

[Tue Dec  8 17:56:57 2020]
rule sniffles_call:
    input: 02_bam/sampleB.ngmlr.sort.bam
    output: 03_vcf/01_sniffles/sampleB.sniffles.vcf
    jobid: 1
    wildcards: sample=sampleB

[Tue Dec  8 17:57:00 2020]
Finished job 1.
1 of 2 steps (50%) done

[Tue Dec  8 17:57:00 2020]
rule sniffles_call:
    input: 02_bam/sampleA.ngmlr.sort.bam
    output: 03_vcf/01_sniffles/sampleA.sniffles.vcf
    jobid: 0
    wildcards: sample=sampleA

[Tue Dec  8 17:57:01 2020]
Finished job 0.
2 of 2 steps (100%) done
Complete log: /vol1/agis/huangsanwen_group/chenglin/sv_tutorial/.snakemake/log/2020-12-08T175656.956165.snakemake.log
