Building DAG of jobs...
Using shell: /bin/bash
Provided cores: 1
Rules claiming more threads will be scaled down.
Job counts:
	count	jobs
	2	consensus
	2

[Tue Dec  8 22:49:47 2020]
rule consensus:
    input: 03_vcf/01_sniffles/sampleA.sniffles.vcf, 03_vcf/02_cuteSV/sampleA.cuteSV.vcf, 03_vcf/03_svim/sampleA/variants.vcf, 03_vcf/04_pbsv/sampleA/pbsv.vcf
    output: 03_vcf/05_consensus_vcf/sampleA.vcf
    jobid: 1
    wildcards: sample=sampleA

[Tue Dec  8 22:49:48 2020]
Finished job 1.
1 of 2 steps (50%) done

[Tue Dec  8 22:49:48 2020]
rule consensus:
    input: 03_vcf/01_sniffles/sampleB.sniffles.vcf, 03_vcf/02_cuteSV/sampleB.cuteSV.vcf, 03_vcf/03_svim/sampleB/variants.vcf, 03_vcf/04_pbsv/sampleB/pbsv.vcf
    output: 03_vcf/05_consensus_vcf/sampleB.vcf
    jobid: 0
    wildcards: sample=sampleB

[Tue Dec  8 22:49:48 2020]
Finished job 0.
2 of 2 steps (100%) done
Complete log: /vol1/agis/huangsanwen_group/chenglin/sv_tutorial/.snakemake/log/2020-12-08T224947.310250.snakemake.log
