Building DAG of jobs...
Using shell: /bin/bash
Provided cores: 2
Rules claiming more threads will be scaled down.
Job counts:
	count	jobs
	2	sniffles_call
	2

[Tue Dec  8 15:46:05 2020]
rule sniffles_call:
    input: 02_bam/sampleB_ngmlr.sort.bam
    output: 03_vcf/01_sniffles/sampleB_sniffles.vcf
    jobid: 0
    wildcards: sample=sampleB


[Tue Dec  8 15:46:05 2020]
rule sniffles_call:
    input: 02_bam/sampleA_ngmlr.sort.bam
    output: 03_vcf/01_sniffles/sampleA_sniffles.vcf
    jobid: 1
    wildcards: sample=sampleA

[Tue Dec  8 15:46:07 2020]
Finished job 1.
1 of 2 steps (50%) done
[Tue Dec  8 15:46:07 2020]
Finished job 0.
2 of 2 steps (100%) done
Complete log: /vol1/agis/huangsanwen_group/chenglin/sv_tutorial/.snakemake/log/2020-12-08T154604.981108.snakemake.log
