Building DAG of jobs...
Using shell: /bin/bash
Provided cores: 1
Rules claiming more threads will be scaled down.
Job counts:
	count	jobs
	2	pbsv_discovery
	2

[Tue Dec  8 22:21:42 2020]
rule pbsv_discovery:
    input: 02_bam/sampleB.pbsv.sort.bam
    output: 03_vcf/04_pbsv/sampleB/pbsv.svsig.gz
    jobid: 1
    wildcards: sample=sampleB

[Tue Dec  8 22:21:45 2020]
Finished job 1.
1 of 2 steps (50%) done

[Tue Dec  8 22:21:45 2020]
rule pbsv_discovery:
    input: 02_bam/sampleA.pbsv.sort.bam
    output: 03_vcf/04_pbsv/sampleA/pbsv.svsig.gz
    jobid: 0
    wildcards: sample=sampleA

[Tue Dec  8 22:21:46 2020]
Finished job 0.
2 of 2 steps (100%) done
Complete log: /vol1/agis/huangsanwen_group/chenglin/sv_tutorial/.snakemake/log/2020-12-08T222142.537236.snakemake.log
