Building DAG of jobs...
Using shell: /bin/bash
Provided cores: 2
Rules claiming more threads will be scaled down.
Job counts:
	count	jobs
	1	all
	2	consensus
	1	pbsv_align
	1	pbsv_call
	1	pbsv_discovery
	1	sniffles_call
	2	svim_call
	9

[Wed Dec  9 10:54:41 2020]
rule sniffles_call:
    input: 02_bam/sampleB.ngmlr.sort.bam, 02_bam/sampleB.ngmlr.sort.bam.bai
    output: 03_vcf/01_sniffles/sampleB.sniffles.vcf
    jobid: 7
    wildcards: sample=sampleB


[Wed Dec  9 10:54:41 2020]
rule svim_call:
    input: 02_bam/sampleB.ngmlr.sort.bam, 02_bam/sampleB.ngmlr.sort.bam.bai
    output: 03_vcf/03_svim/sampleB/variants.vcf
    jobid: 9
    wildcards: sample=sampleB

[Wed Dec  9 10:54:41 2020]
Finished job 7.
1 of 9 steps (11%) done

[Wed Dec  9 10:54:41 2020]
rule pbsv_align:
    input: 02_bam/sampleB.ngmlr.sort.bam, 02_bam/sampleB.ngmlr.sort.bam.bai
    output: 02_bam/sampleB.pbsv.sort.bam
    jobid: 20
    wildcards: sample=sampleB

[Wed Dec  9 10:54:45 2020]
Finished job 20.
2 of 9 steps (22%) done

[Wed Dec  9 10:54:45 2020]
rule pbsv_discovery:
    input: 02_bam/sampleB.pbsv.sort.bam
    output: 03_vcf/04_pbsv/sampleB/pbsv.svsig.gz
    jobid: 16
    wildcards: sample=sampleB

[Wed Dec  9 10:54:45 2020]
Finished job 16.
3 of 9 steps (33%) done

[Wed Dec  9 10:54:45 2020]
rule svim_call:
    input: 02_bam/sampleA.ngmlr.sort.bam, 02_bam/sampleA.ngmlr.sort.bam.bai
    output: 03_vcf/03_svim/sampleA/variants.vcf
    jobid: 5
    wildcards: sample=sampleA

[Wed Dec  9 10:54:58 2020]
Finished job 9.
4 of 9 steps (44%) done

[Wed Dec  9 10:54:58 2020]
rule pbsv_call:
    input: 03_vcf/04_pbsv/sampleB/pbsv.svsig.gz
    output: 03_vcf/04_pbsv/sampleB/pbsv.vcf
    jobid: 10
    wildcards: sample=sampleB

[Wed Dec  9 10:54:58 2020]
Finished job 10.
5 of 9 steps (56%) done

[Wed Dec  9 10:54:58 2020]
rule consensus:
    input: 03_vcf/01_sniffles/sampleB.sniffles.vcf, 03_vcf/02_cuteSV/sampleB.cuteSV.vcf, 03_vcf/03_svim/sampleB/variants.vcf, 03_vcf/04_pbsv/sampleB/pbsv.vcf
    output: 04_consensus_vcf/sampleB.consensus.vcf
    jobid: 2
    wildcards: sample=sampleB

[Wed Dec  9 10:54:58 2020]
Finished job 2.
6 of 9 steps (67%) done
[Wed Dec  9 10:55:02 2020]
Finished job 5.
7 of 9 steps (78%) done

[Wed Dec  9 10:55:02 2020]
rule consensus:
    input: 03_vcf/01_sniffles/sampleA.sniffles.vcf, 03_vcf/02_cuteSV/sampleA.cuteSV.vcf, 03_vcf/03_svim/sampleA/variants.vcf, 03_vcf/04_pbsv/sampleA/pbsv.vcf
    output: 04_consensus_vcf/sampleA.consensus.vcf
    jobid: 1
    wildcards: sample=sampleA

[Wed Dec  9 10:55:02 2020]
Finished job 1.
8 of 9 steps (89%) done

[Wed Dec  9 10:55:02 2020]
localrule all:
    input: 04_consensus_vcf/sampleA.consensus.vcf, 04_consensus_vcf/sampleB.consensus.vcf
    jobid: 0

[Wed Dec  9 10:55:02 2020]
Finished job 0.
9 of 9 steps (100%) done
Complete log: /vol1/agis/huangsanwen_group/chenglin/sv_tutorial1/.snakemake/log/2020-12-09T105441.081389.snakemake.log
