Building DAG of jobs...
Using shell: /bin/bash
Provided cores: 2
Rules claiming more threads will be scaled down.
Job counts:
	count	jobs
	2	ngmlr_alignment
	2	sniffles_call
	2	sort_index
	6

[Tue Dec  8 16:03:56 2020]
rule ngmlr_alignment:
    input: 01_raw_data/sampleA.ccs.fa, 01_raw_data/ref/ref_po_cp.fa
    output: 02_bam/sampleA.ngmlr.bam
    jobid: 4
    wildcards: sample=sampleA


[Tue Dec  8 16:03:56 2020]
rule ngmlr_alignment:
    input: 01_raw_data/sampleB.ccs.fa, 01_raw_data/ref/ref_po_cp.fa
    output: 02_bam/sampleB.ngmlr.bam
    jobid: 5
    wildcards: sample=sampleB

[Tue Dec  8 16:20:31 2020]
Finished job 4.
1 of 6 steps (17%) done

[Tue Dec  8 16:20:31 2020]
rule sort_index:
    input: 02_bam/sampleA.ngmlr.bam
    output: 02_bam/sampleA.ngmlr.sort.bam
    jobid: 2
    wildcards: sample=sampleA

[Tue Dec  8 16:20:34 2020]
Finished job 2.
2 of 6 steps (33%) done

[Tue Dec  8 16:20:34 2020]
rule sniffles_call:
    input: 02_bam/sampleA.ngmlr.sort.bam
    output: 03_vcf/01_sniffles/sampleA.sniffles.vcf
    jobid: 0
    wildcards: sample=sampleA

[Tue Dec  8 16:20:36 2020]
Finished job 0.
3 of 6 steps (50%) done
[Tue Dec  8 16:20:57 2020]
Finished job 5.
4 of 6 steps (67%) done

[Tue Dec  8 16:20:57 2020]
rule sort_index:
    input: 02_bam/sampleB.ngmlr.bam
    output: 02_bam/sampleB.ngmlr.sort.bam
    jobid: 3
    wildcards: sample=sampleB

[Tue Dec  8 16:21:00 2020]
Finished job 3.
5 of 6 steps (83%) done

[Tue Dec  8 16:21:00 2020]
rule sniffles_call:
    input: 02_bam/sampleB.ngmlr.sort.bam
    output: 03_vcf/01_sniffles/sampleB.sniffles.vcf
    jobid: 1
    wildcards: sample=sampleB

[Tue Dec  8 16:21:02 2020]
Finished job 1.
6 of 6 steps (100%) done
Complete log: /vol1/agis/huangsanwen_group/chenglin/sv_tutorial/.snakemake/log/2020-12-08T160356.716434.snakemake.log
