Building DAG of jobs...
Using shell: /bin/bash
Provided cores: 1
Rules claiming more threads will be scaled down.
Job counts:
	count	jobs
	2	consensus
	2

[Tue Dec  8 22:34:21 2020]
rule consensus:
    input: 03_vcf/01_sniffles/sampleA.sniffles.vcf, 03_vcf/02_cuteSV/sampleA.cuteSV.vcf, 03_vcf/03_svim/sampleA/variants.vcf, 03_vcf/04_pbsv/sampleA/pbsv.vcf
    output: 03_vcf/05_consensus_vcf/sampleA.vcf
    jobid: 0
    wildcards: sample=sampleA

[Tue Dec  8 22:34:22 2020]
Error in rule consensus:
    jobid: 0
    output: 03_vcf/05_consensus_vcf/sampleA.vcf
    shell:
        /public/agis/huangsanwen_group/chenglin/softwares/SURVIVOR-master/Debug/SURVIVOR merge sample_files 1000 2 1 1 0 30 03_vcf/05_consensus_vcf/sampleA.vcf
        (exited with non-zero exit code)

Shutting down, this might take some time.
Exiting because a job execution failed. Look above for error message
Complete log: /vol1/agis/huangsanwen_group/chenglin/sv_tutorial/.snakemake/log/2020-12-08T223420.542435.snakemake.log
